/lib/x86_64-linux-gnu/Scrt1.o
/lib/x86_64-linux-gnu/crti.o
/usr/lib/gcc/x86_64-linux-gnu/12/crtbeginS.o
/tmp/mul-c5d6b3.o
/home/leizhenyuu/opt/Anonymous_Repo/libsodium_o2_attr_inline/src/libsodium/.libs/libsodium.so
/usr/lib/gcc/x86_64-linux-gnu/12/libgcc.a
/usr/lib/gcc/x86_64-linux-gnu/12/libgcc_s.so
/lib/x86_64-linux-gnu/libgcc_s.so.1
/usr/lib/gcc/x86_64-linux-gnu/12/libgcc.a
/lib/x86_64-linux-gnu/libc.so
/lib/x86_64-linux-gnu/libc.so.6
/usr/lib/x86_64-linux-gnu/libc_nonshared.a
/lib64/ld-linux-x86-64.so.2
/usr/lib/x86_64-linux-gnu/libc_nonshared.a
/lib64/ld-linux-x86-64.so.2
/usr/lib/gcc/x86_64-linux-gnu/12/libgcc.a
/usr/lib/gcc/x86_64-linux-gnu/12/libgcc_s.so
/lib/x86_64-linux-gnu/libgcc_s.so.1
/usr/lib/gcc/x86_64-linux-gnu/12/libgcc.a
/usr/lib/gcc/x86_64-linux-gnu/12/crtendS.o
/lib/x86_64-linux-gnu/crtn.o
